[0.357s] Invoking command in '/home/elishaokara.linux/alpha_ws/build/my_robot_controller': PYTHONPATH=/home/elishaokara.linux/alpha_ws/build/my_robot_controller/prefix_override:/usr/lib/python3/dist-packages/colcon_core/task/python/colcon_distutils_commands:/home/elishaokara.linux/alpha_ws/install/my_robot_controller/lib/python3.10/site-packages:${PYTHONPATH} /usr/bin/python3 -W ignore:setup.py install is deprecated setup.py develop --editable --build-directory /home/elishaokara.linux/alpha_ws/build/my_robot_controller/build --no-deps symlink_data
[0.475s] running develop
[0.475s] /usr/lib/python3/dist-packages/setuptools/command/easy_install.py:158: EasyInstallDeprecationWarning: easy_install command is deprecated. Use build and pip and other standards-based tools.
[0.475s]   warnings.warn(
[0.560s] running egg_info
[0.560s] creating my_robot_controller.egg-info
[0.560s] writing my_robot_controller.egg-info/PKG-INFO
[0.560s] writing dependency_links to my_robot_controller.egg-info/dependency_links.txt
[0.560s] writing entry points to my_robot_controller.egg-info/entry_points.txt
[0.560s] writing requirements to my_robot_controller.egg-info/requires.txt
[0.560s] writing top-level names to my_robot_controller.egg-info/top_level.txt
[0.561s] writing manifest file 'my_robot_controller.egg-info/SOURCES.txt'
[0.561s] reading manifest file 'my_robot_controller.egg-info/SOURCES.txt'
[0.562s] writing manifest file 'my_robot_controller.egg-info/SOURCES.txt'
[0.562s] running build_ext
[0.563s] Creating /home/elishaokara.linux/alpha_ws/install/my_robot_controller/lib/python3.10/site-packages/my-robot-controller.egg-link (link to .)
[0.563s] Installing alpha_node script to /home/elishaokara.linux/alpha_ws/install/my_robot_controller/lib/my_robot_controller
[0.563s] Installing circle_node script to /home/elishaokara.linux/alpha_ws/install/my_robot_controller/lib/my_robot_controller
[0.563s] Installing control_turtle script to /home/elishaokara.linux/alpha_ws/install/my_robot_controller/lib/my_robot_controller
[0.563s] Installing pose_subscribe script to /home/elishaokara.linux/alpha_ws/install/my_robot_controller/lib/my_robot_controller
[0.564s] 
[0.564s] Installed /home/elishaokara.linux/alpha_ws/build/my_robot_controller
[0.564s] running symlink_data
[0.564s] creating /home/elishaokara.linux/alpha_ws/install/my_robot_controller/share/ament_index
[0.564s] creating /home/elishaokara.linux/alpha_ws/install/my_robot_controller/share/ament_index/resource_index
[0.564s] creating /home/elishaokara.linux/alpha_ws/install/my_robot_controller/share/ament_index/resource_index/packages
[0.564s] symbolically linking /home/elishaokara.linux/alpha_ws/build/my_robot_controller/resource/my_robot_controller -> /home/elishaokara.linux/alpha_ws/install/my_robot_controller/share/ament_index/resource_index/packages
[0.564s] symbolically linking /home/elishaokara.linux/alpha_ws/build/my_robot_controller/package.xml -> /home/elishaokara.linux/alpha_ws/install/my_robot_controller/share/my_robot_controller
[0.576s] Invoked command in '/home/elishaokara.linux/alpha_ws/build/my_robot_controller' returned '0': PYTHONPATH=/home/elishaokara.linux/alpha_ws/build/my_robot_controller/prefix_override:/usr/lib/python3/dist-packages/colcon_core/task/python/colcon_distutils_commands:/home/elishaokara.linux/alpha_ws/install/my_robot_controller/lib/python3.10/site-packages:${PYTHONPATH} /usr/bin/python3 -W ignore:setup.py install is deprecated setup.py develop --editable --build-directory /home/elishaokara.linux/alpha_ws/build/my_robot_controller/build --no-deps symlink_data
