[0.093s] DEBUG:colcon:Command line arguments: ['/usr/bin/colcon', 'build', '--symlink-install']
[0.093s] DEBUG:colcon:Parsed command line arguments: Namespace(log_base=None, log_level=None, verb_name='build', build_base='build', install_base='install', merge_install=False, symlink_install=True, test_result_base=None, continue_on_error=False, executor='parallel', parallel_workers=5, event_handlers=None, ignore_user_meta=False, metas=['./colcon.meta'], base_paths=['.'], packages_ignore=None, packages_ignore_regex=None, paths=None, packages_up_to=None, packages_up_to_regex=None, packages_above=None, packages_above_and_dependencies=None, packages_above_depth=None, packages_select_by_dep=None, packages_skip_by_dep=None, packages_skip_up_to=None, packages_select_build_failed=False, packages_skip_build_finished=False, packages_select_test_failures=False, packages_skip_test_passed=False, packages_select=None, packages_skip=None, packages_select_regex=None, packages_skip_regex=None, packages_start=None, packages_end=None, allow_overriding=[], cmake_args=None, cmake_target=None, cmake_target_skip_unavailable=False, cmake_clean_cache=False, cmake_clean_first=False, cmake_force_configure=False, ament_cmake_args=None, catkin_cmake_args=None, catkin_skip_building_tests=False, verb_parser=<colcon_defaults.argument_parser.defaults.DefaultArgumentsDecorator object at 0xffffbd785e70>, verb_extension=<colcon_core.verb.build.BuildVerb object at 0xffffbd785960>, main=<bound method BuildVerb.main of <colcon_core.verb.build.BuildVerb object at 0xffffbd785960>>)
[0.263s] Level 1:colcon.colcon_core.package_discovery:discover_packages(colcon_meta) check parameters
[0.263s] Level 1:colcon.colcon_core.package_discovery:discover_packages(recursive) check parameters
[0.263s] Level 1:colcon.colcon_core.package_discovery:discover_packages(ignore) check parameters
[0.263s] Level 1:colcon.colcon_core.package_discovery:discover_packages(path) check parameters
[0.263s] Level 1:colcon.colcon_core.package_discovery:discover_packages(colcon_meta) discover
[0.263s] Level 1:colcon.colcon_core.package_discovery:discover_packages(recursive) discover
[0.263s] INFO:colcon.colcon_core.package_discovery:Crawling recursively for packages in '/home/elishaokara.linux/alpha_ws/src/my_robot_controller'
[0.264s] Level 1:colcon.colcon_core.package_identification:_identify(.) by extensions ['ignore', 'ignore_ament_install']
[0.264s] Level 1:colcon.colcon_core.package_identification:_identify(.) by extension 'ignore'
[0.264s] Level 1:colcon.colcon_core.package_identification:_identify(.) by extension 'ignore_ament_install'
[0.264s] Level 1:colcon.colcon_core.package_identification:_identify(.) by extensions ['colcon_pkg']
[0.264s] Level 1:colcon.colcon_core.package_identification:_identify(.) by extension 'colcon_pkg'
[0.264s] Level 1:colcon.colcon_core.package_identification:_identify(.) by extensions ['colcon_meta']
[0.264s] Level 1:colcon.colcon_core.package_identification:_identify(.) by extension 'colcon_meta'
[0.264s] Level 1:colcon.colcon_core.package_identification:_identify(.) by extensions ['ros']
[0.264s] Level 1:colcon.colcon_core.package_identification:_identify(.) by extension 'ros'
[0.272s] DEBUG:colcon.colcon_core.package_identification:Package '.' with type 'ros.ament_python' and name 'my_robot_controller'
[0.272s] Level 1:colcon.colcon_core.package_discovery:discover_packages(recursive) using defaults
[0.272s] Level 1:colcon.colcon_core.package_discovery:discover_packages(ignore) discover
[0.272s] Level 1:colcon.colcon_core.package_discovery:discover_packages(ignore) using defaults
[0.272s] Level 1:colcon.colcon_core.package_discovery:discover_packages(path) discover
[0.272s] Level 1:colcon.colcon_core.package_discovery:discover_packages(path) using defaults
[0.290s] Level 1:colcon.colcon_core.package_discovery:discover_packages(prefix_path) check parameters
[0.290s] Level 1:colcon.colcon_core.package_discovery:discover_packages(prefix_path) discover
[0.292s] DEBUG:colcon.colcon_installed_package_information.package_discovery:Found 1 installed packages in /home/elishaokara.linux/alpha_ws/install
[0.292s] DEBUG:colcon.colcon_installed_package_information.package_discovery:Found 311 installed packages in /opt/ros/humble
[0.293s] Level 1:colcon.colcon_core.package_discovery:discover_packages(prefix_path) using defaults
[0.317s] Level 5:colcon.colcon_core.verb:set package 'my_robot_controller' build argument 'cmake_args' from command line to 'None'
[0.317s] Level 5:colcon.colcon_core.verb:set package 'my_robot_controller' build argument 'cmake_target' from command line to 'None'
[0.317s] Level 5:colcon.colcon_core.verb:set package 'my_robot_controller' build argument 'cmake_target_skip_unavailable' from command line to 'False'
[0.317s] Level 5:colcon.colcon_core.verb:set package 'my_robot_controller' build argument 'cmake_clean_cache' from command line to 'False'
[0.317s] Level 5:colcon.colcon_core.verb:set package 'my_robot_controller' build argument 'cmake_clean_first' from command line to 'False'
[0.317s] Level 5:colcon.colcon_core.verb:set package 'my_robot_controller' build argument 'cmake_force_configure' from command line to 'False'
[0.317s] Level 5:colcon.colcon_core.verb:set package 'my_robot_controller' build argument 'ament_cmake_args' from command line to 'None'
[0.317s] Level 5:colcon.colcon_core.verb:set package 'my_robot_controller' build argument 'catkin_cmake_args' from command line to 'None'
[0.317s] Level 5:colcon.colcon_core.verb:set package 'my_robot_controller' build argument 'catkin_skip_building_tests' from command line to 'False'
[0.317s] DEBUG:colcon.colcon_core.verb:Building package 'my_robot_controller' with the following arguments: {'ament_cmake_args': None, 'build_base': '/home/elishaokara.linux/alpha_ws/src/my_robot_controller/build/my_robot_controller', 'catkin_cmake_args': None, 'catkin_skip_building_tests': False, 'cmake_args': None, 'cmake_clean_cache': False, 'cmake_clean_first': False, 'cmake_force_configure': False, 'cmake_target': None, 'cmake_target_skip_unavailable': False, 'install_base': '/home/elishaokara.linux/alpha_ws/src/my_robot_controller/install/my_robot_controller', 'merge_install': False, 'path': '/home/elishaokara.linux/alpha_ws/src/my_robot_controller', 'symlink_install': True, 'test_result_base': None}
[0.317s] INFO:colcon.colcon_core.executor:Executing jobs using 'parallel' executor
[0.318s] DEBUG:colcon.colcon_parallel_executor.executor.parallel:run_until_complete
[0.318s] INFO:colcon.colcon_ros.task.ament_python.build:Building ROS package in '/home/elishaokara.linux/alpha_ws/src/my_robot_controller' with build type 'ament_python'
[0.318s] Level 1:colcon.colcon_core.shell:create_environment_hook('my_robot_controller', 'ament_prefix_path')
[0.319s] INFO:colcon.colcon_core.plugin_system:Skipping extension 'colcon_core.shell.bat': Not used on non-Windows systems
[0.319s] INFO:colcon.colcon_core.shell:Creating environment hook '/home/elishaokara.linux/alpha_ws/src/my_robot_controller/install/my_robot_controller/share/my_robot_controller/hook/ament_prefix_path.ps1'
[0.321s] INFO:colcon.colcon_core.shell:Creating environment descriptor '/home/elishaokara.linux/alpha_ws/src/my_robot_controller/install/my_robot_controller/share/my_robot_controller/hook/ament_prefix_path.dsv'
[0.322s] INFO:colcon.colcon_core.shell:Creating environment hook '/home/elishaokara.linux/alpha_ws/src/my_robot_controller/install/my_robot_controller/share/my_robot_controller/hook/ament_prefix_path.sh'
[0.322s] INFO:colcon.colcon_core.shell:Skip shell extension 'powershell' for command environment: Not usable outside of PowerShell
[0.322s] DEBUG:colcon.colcon_core.shell:Skip shell extension 'dsv' for command environment
[0.478s] INFO:colcon.colcon_core.task.python.build:Building Python package in '/home/elishaokara.linux/alpha_ws/src/my_robot_controller'
[0.478s] INFO:colcon.colcon_core.shell:Skip shell extension 'powershell' for command environment: Not usable outside of PowerShell
[0.478s] DEBUG:colcon.colcon_core.shell:Skip shell extension 'dsv' for command environment
[0.730s] DEBUG:colcon.colcon_core.event_handler.log_command:Invoking command in '/home/elishaokara.linux/alpha_ws/src/my_robot_controller/build/my_robot_controller': PYTHONPATH=/home/elishaokara.linux/alpha_ws/src/my_robot_controller/build/my_robot_controller/prefix_override:/usr/lib/python3/dist-packages/colcon_core/task/python/colcon_distutils_commands:/home/elishaokara.linux/alpha_ws/src/my_robot_controller/install/my_robot_controller/lib/python3.10/site-packages:${PYTHONPATH} /usr/bin/python3 -W ignore:setup.py install is deprecated setup.py develop --editable --build-directory /home/elishaokara.linux/alpha_ws/src/my_robot_controller/build/my_robot_controller/build --no-deps symlink_data
[0.968s] Level 1:colcon.colcon_core.shell:create_environment_hook('my_robot_controller', 'pythonpath_develop')
[0.968s] INFO:colcon.colcon_core.shell:Creating environment hook '/home/elishaokara.linux/alpha_ws/src/my_robot_controller/build/my_robot_controller/share/my_robot_controller/hook/pythonpath_develop.ps1'
[0.969s] DEBUG:colcon.colcon_core.event_handler.log_command:Invoked command in '/home/elishaokara.linux/alpha_ws/src/my_robot_controller/build/my_robot_controller' returned '0': PYTHONPATH=/home/elishaokara.linux/alpha_ws/src/my_robot_controller/build/my_robot_controller/prefix_override:/usr/lib/python3/dist-packages/colcon_core/task/python/colcon_distutils_commands:/home/elishaokara.linux/alpha_ws/src/my_robot_controller/install/my_robot_controller/lib/python3.10/site-packages:${PYTHONPATH} /usr/bin/python3 -W ignore:setup.py install is deprecated setup.py develop --editable --build-directory /home/elishaokara.linux/alpha_ws/src/my_robot_controller/build/my_robot_controller/build --no-deps symlink_data
[0.970s] INFO:colcon.colcon_core.shell:Creating environment descriptor '/home/elishaokara.linux/alpha_ws/src/my_robot_controller/build/my_robot_controller/share/my_robot_controller/hook/pythonpath_develop.dsv'
[0.970s] INFO:colcon.colcon_core.shell:Creating environment hook '/home/elishaokara.linux/alpha_ws/src/my_robot_controller/build/my_robot_controller/share/my_robot_controller/hook/pythonpath_develop.sh'
[0.972s] Level 1:colcon.colcon_core.environment:checking '/home/elishaokara.linux/alpha_ws/src/my_robot_controller/install/my_robot_controller' for CMake module files
[0.972s] Level 1:colcon.colcon_core.environment:checking '/home/elishaokara.linux/alpha_ws/src/my_robot_controller/install/my_robot_controller' for CMake config files
[0.972s] Level 1:colcon.colcon_core.environment:checking '/home/elishaokara.linux/alpha_ws/src/my_robot_controller/install/my_robot_controller/lib'
[0.972s] Level 1:colcon.colcon_core.environment:checking '/home/elishaokara.linux/alpha_ws/src/my_robot_controller/install/my_robot_controller/bin'
[0.972s] Level 1:colcon.colcon_core.environment:checking '/home/elishaokara.linux/alpha_ws/src/my_robot_controller/install/my_robot_controller/lib/pkgconfig/my_robot_controller.pc'
[0.972s] Level 1:colcon.colcon_core.environment:checking '/home/elishaokara.linux/alpha_ws/src/my_robot_controller/install/my_robot_controller/lib/python3.10/site-packages'
[0.972s] Level 1:colcon.colcon_core.shell:create_environment_hook('my_robot_controller', 'pythonpath')
[0.972s] INFO:colcon.colcon_core.shell:Creating environment hook '/home/elishaokara.linux/alpha_ws/src/my_robot_controller/install/my_robot_controller/share/my_robot_controller/hook/pythonpath.ps1'
[0.973s] INFO:colcon.colcon_core.shell:Creating environment descriptor '/home/elishaokara.linux/alpha_ws/src/my_robot_controller/install/my_robot_controller/share/my_robot_controller/hook/pythonpath.dsv'
[0.974s] INFO:colcon.colcon_core.shell:Creating environment hook '/home/elishaokara.linux/alpha_ws/src/my_robot_controller/install/my_robot_controller/share/my_robot_controller/hook/pythonpath.sh'
[0.974s] Level 1:colcon.colcon_core.environment:checking '/home/elishaokara.linux/alpha_ws/src/my_robot_controller/install/my_robot_controller/bin'
[0.974s] Level 1:colcon.colcon_core.environment:create_environment_scripts_only(my_robot_controller)
[0.974s] INFO:colcon.colcon_core.shell:Creating package script '/home/elishaokara.linux/alpha_ws/src/my_robot_controller/install/my_robot_controller/share/my_robot_controller/package.ps1'
[0.975s] INFO:colcon.colcon_core.shell:Creating package descriptor '/home/elishaokara.linux/alpha_ws/src/my_robot_controller/install/my_robot_controller/share/my_robot_controller/package.dsv'
[0.975s] INFO:colcon.colcon_core.shell:Creating package script '/home/elishaokara.linux/alpha_ws/src/my_robot_controller/install/my_robot_controller/share/my_robot_controller/package.sh'
[0.976s] INFO:colcon.colcon_core.shell:Creating package script '/home/elishaokara.linux/alpha_ws/src/my_robot_controller/install/my_robot_controller/share/my_robot_controller/package.bash'
[0.976s] INFO:colcon.colcon_core.shell:Creating package script '/home/elishaokara.linux/alpha_ws/src/my_robot_controller/install/my_robot_controller/share/my_robot_controller/package.zsh'
[0.977s] Level 1:colcon.colcon_core.environment:create_file_with_runtime_dependencies(/home/elishaokara.linux/alpha_ws/src/my_robot_controller/install/my_robot_controller/share/colcon-core/packages/my_robot_controller)
[0.978s] DEBUG:colcon.colcon_parallel_executor.executor.parallel:closing loop
[0.979s] DEBUG:colcon.colcon_parallel_executor.executor.parallel:loop closed
[0.979s] DEBUG:colcon.colcon_parallel_executor.executor.parallel:run_until_complete finished with '0'
[0.979s] DEBUG:colcon.colcon_core.event_reactor:joining thread
[0.984s] INFO:colcon.colcon_core.plugin_system:Skipping extension 'colcon_notification.desktop_notification.terminal_notifier': Not used on non-Darwin systems
[0.984s] INFO:colcon.colcon_core.plugin_system:Skipping extension 'colcon_notification.desktop_notification.win32': Not used on non-Windows systems
[0.984s] INFO:colcon.colcon_notification.desktop_notification:Sending desktop notification using 'notify2'
[1.002s] DEBUG:colcon.colcon_core.event_reactor:joined thread
[1.002s] INFO:colcon.colcon_core.shell:Creating prefix script '/home/elishaokara.linux/alpha_ws/src/my_robot_controller/install/local_setup.ps1'
[1.003s] INFO:colcon.colcon_core.shell:Creating prefix util module '/home/elishaokara.linux/alpha_ws/src/my_robot_controller/install/_local_setup_util_ps1.py'
[1.004s] INFO:colcon.colcon_core.shell:Creating prefix chain script '/home/elishaokara.linux/alpha_ws/src/my_robot_controller/install/setup.ps1'
[1.005s] INFO:colcon.colcon_core.shell:Creating prefix script '/home/elishaokara.linux/alpha_ws/src/my_robot_controller/install/local_setup.sh'
[1.005s] INFO:colcon.colcon_core.shell:Creating prefix util module '/home/elishaokara.linux/alpha_ws/src/my_robot_controller/install/_local_setup_util_sh.py'
[1.006s] INFO:colcon.colcon_core.shell:Creating prefix chain script '/home/elishaokara.linux/alpha_ws/src/my_robot_controller/install/setup.sh'
[1.007s] INFO:colcon.colcon_core.shell:Creating prefix script '/home/elishaokara.linux/alpha_ws/src/my_robot_controller/install/local_setup.bash'
[1.007s] INFO:colcon.colcon_core.shell:Creating prefix chain script '/home/elishaokara.linux/alpha_ws/src/my_robot_controller/install/setup.bash'
[1.008s] INFO:colcon.colcon_core.shell:Creating prefix script '/home/elishaokara.linux/alpha_ws/src/my_robot_controller/install/local_setup.zsh'
[1.008s] INFO:colcon.colcon_core.shell:Creating prefix chain script '/home/elishaokara.linux/alpha_ws/src/my_robot_controller/install/setup.zsh'
